<?xml version="1.0" encoding="UTF-8"?>
<testsuites name="Mocha Tests" time="0.054" tests="1" failures="0">
  <testsuite name="Root Suite" timestamp="2023-12-05T16:56:26" tests="0" time="0.000" failures="0">
  </testsuite>
  <testsuite name="Spark BRCODE payment" timestamp="2023-12-05T16:56:26" tests="1" file="C:\Users\Morfeu\OneDrive\Documentos\stark-bank\javaScript-api-tests\test\starkbank-brcode.js" time="0.053" failures="0">
    <testcase name="Spark BRCODE payment Create Brcode Payments" time="0.051" classname="Create Brcode Payments">
    </testcase>
  </testsuite>
</testsuites>